Arguments: 
  C:\Program Files\nodejs\node.exe C:\Users\PC\AppData\Roaming\npm\node_modules\yarn\bin\yarn.js install

PATH: 
  C:\Program Files (x86)\NVIDIA Corporation\PhysX\Common;C:\Program Files (x86)\Common Files\Oracle\Java\javapath;C:\WINDOWS\system32;C:\WINDOWS;C:\WINDOWS\System32\Wbem;C:\WINDOWS\System32\WindowsPowerShell\v1.0\;C:\WINDOWS\System32\OpenSSH\;C:\Program Files\Git\cmd;C:\Program Files\TortoiseSVN\bin;C:\Program Files\nodejs\;C:\composer;C:\Program Files\MySQL\MySQL Shell 8.0\bin\;C:\Users\PC\AppData\Local\Microsoft\WindowsApps;C:\Program Files\JetBrains\PyCharm Community Edition 2020.3.2\bin;;C:\Users\PC\AppData\Local\Programs\Microsoft VS Code\bin;C:\Users\PC\AppData\Local\GitHubDesktop\bin;C:\Program Files\heroku\bin;C:\Users\PC\AppData\Roaming\npm;C:\Program Files\php;D:\flutter\bin;C:\flutter_windows_3.0.5-stable\commandlinetools-win-8512546_latest\cmdline-tools\bin;C:\Users\PC\AppData\Local\Android\Sdk;C:\Users\PC\AppData\Roaming\Composer\vendor\bin;C:\composer;C:\ProgramData\Microsoft\Windows\Start Menu\Programs\MySQL\MySQL Server 8.0;

Yarn version: 
  1.22.17

Node version: 
  16.15.1

Platform: 
  win32 x64

Trace: 
  Error: connect ENETUNREACH 104.16.20.35:443
      at TCPConnectWrap.afterConnect [as oncomplete] (node:net:1187:16)

npm manifest: 
  {
    "name": "soai-website",
    "private": true,
    "version": "0.0.0",
    "type": "module",
    "scripts": {
      "dev": "next dev",
      "build": "next build",
      "start": "next start",
      "prettier-write": "prettier ./src --write"
    },
    "dependencies": {
      "next": "^12.3.1",
      "react": "^18.2.0",
      "react-dom": "^18.2.0"
    },
    "devDependencies": {
      "autoprefixer": "^10.4.12",
      "eslint": "^8.24.0",
      "eslint-config-prettier": "^8.5.0",
      "eslint-plugin-next": "^0.0.0",
      "eslint-plugin-prettier": "^4.2.1",
      "eslint-plugin-react": "^7.31.8",
      "postcss": "^8.4.17",
      "prettier": "^2.7.1",
      "tailwindcss": "^3.1.8",
      "vite": "^3.1.0"
    }
  }

yarn manifest: 
  No manifest

Lockfile: 
  No lockfile
